[debug] [2023-12-11T04:45:53.288Z] ----------------------------------------------------------------------
[debug] [2023-12-11T04:45:53.291Z] Command:       C:\Program Files\nodejs\node.exe C:\Users\Kader\AppData\Roaming\npm\node_modules\firebase-tools\lib\bin\firebase.js init
[debug] [2023-12-11T04:45:53.292Z] CLI Version:   13.0.1
[debug] [2023-12-11T04:45:53.292Z] Platform:      win32
[debug] [2023-12-11T04:45:53.292Z] Node Version:  v20.9.0
[debug] [2023-12-11T04:45:53.292Z] Time:          Mon Dec 11 2023 07:45:53 GMT+0300 (GMT+03:00)
[debug] [2023-12-11T04:45:53.292Z] ----------------------------------------------------------------------
[debug] 
[debug] [2023-12-11T04:45:53.299Z] > command requires scopes: ["email","openid","https://www.googleapis.com/auth/cloudplatformprojects.readonly","https://www.googleapis.com/auth/firebase","https://www.googleapis.com/auth/cloud-platform"]
[debug] [2023-12-11T04:45:53.300Z] > authorizing via signed-in user (kadersarikaya0123@gmail.com)
[info] 
     ######## #### ########  ######## ########     ###     ######  ########
     ##        ##  ##     ## ##       ##     ##  ##   ##  ##       ##
     ######    ##  ########  ######   ########  #########  ######  ######
     ##        ##  ##    ##  ##       ##     ## ##     ##       ## ##
     ##       #### ##     ## ######## ########  ##     ##  ######  ########

You're about to initialize a Firebase project in this directory:

  C:\Users\Kader\car-rental

[info] 
=== Project Setup
[info] 
[info] First, let's associate this project directory with a Firebase project.
[info] You can create multiple project aliases by running firebase use --add, 
[info] but for now we'll just set up a default project.
[info] 
[info] i  If you want to create a project in a Google Cloud organization or folder, please use "firebase projects:create" instead, and return to this command when you've created the project. 
